<?xml version="1.0" encoding="UTF-8"?>
<!-- Generated by org.testng.reporters.JUnitReportReporter -->
<testsuite hostname="LAPTOP-LPI8ANSO" failures="0" tests="1" name="functionality.Tc_car_002_Test" time="5.331" errors="0" timestamp="2024-02-13T18:09:06 IST" skipped="0">
  <testcase classname="functionality.Tc_car_002_Test" name="roysmotor" time="5.331"/>
  <system-out/>
</testsuite> <!-- functionality.Tc_car_002_Test -->
