<?xml version="1.0" encoding="UTF-8"?>
<!-- Generated by org.testng.reporters.JUnitReportReporter -->
<testsuite hostname="LAPTOP-LPI8ANSO" failures="0" tests="1" name="integration.Tc_beauty_003_Test" time="3.198" errors="0" timestamp="2024-02-13T18:09:06 IST" skipped="0">
  <testcase classname="integration.Tc_beauty_003_Test" name="nykaa" time="3.198"/>
  <system-out/>
</testsuite> <!-- integration.Tc_beauty_003_Test -->
