<?xml version="1.0" encoding="UTF-8"?>
<!-- Generated by org.testng.reporters.JUnitReportReporter -->
<testsuite hostname="LAPTOP-LPI8ANSO" failures="0" tests="1" name="system.Tc_tourist_001_Test" time="5.669" errors="0" timestamp="2024-02-13T18:09:06 IST" skipped="0">
  <testcase classname="system.Tc_tourist_001_Test" name="puri" time="5.669"/>
  <system-out/>
</testsuite> <!-- system.Tc_tourist_001_Test -->
