<?xml version="1.0" encoding="UTF-8"?>
<!-- Generated by org.testng.reporters.JUnitReportReporter -->
<testsuite hostname="LAPTOP-LPI8ANSO" failures="0" tests="1" name="system.Tc_tourist_002_Test" time="7.040" errors="0" timestamp="2024-02-13T18:28:19 IST" skipped="0">
  <testcase classname="system.Tc_tourist_002_Test" name="irctc" time="7.040"/>
  <system-out/>
</testsuite> <!-- system.Tc_tourist_002_Test -->
