<?xml version="1.0" encoding="UTF-8"?>
<!-- Generated by org.testng.reporters.JUnitReportReporter -->
<testsuite hostname="LAPTOP-LPI8ANSO" failures="0" tests="1" name="functionality.Tc_car_003_Test" time="4.555" errors="0" timestamp="2024-02-13T18:09:06 IST" skipped="0">
  <testcase classname="functionality.Tc_car_003_Test" name="ferrari" time="4.555"/>
  <system-out/>
</testsuite> <!-- functionality.Tc_car_003_Test -->
